<html>
<body>
<pre>
<h1>Vision Build Log</h1>
<h2>Tool Versions:</h2>
IDE-Version: μVision V5.25.3.0
Copyright (C) 2018 ARM Ltd and ARM Germany GmbH. All rights reserved.
License Information: yu mu, yumu, LIC=X96CK-ZHQB0-GKGBG-VVWC0-QL62T-FQC3Z
 
Tool Versions:
Toolchain:       MDK-ARM Plus  Version: 5.39.0.0
Toolchain Path:  E:\Keil_v5\ARM\ARMCC\Bin
C Compiler:      Armcc.exe V5.06 update 1 (build 61)
Assembler:       Armasm.exe V5.06 update 1 (build 61)
Linker/Locator:  ArmLink.exe V5.06 update 1 (build 61)
Library Manager: ArmAr.exe V5.06 update 1 (build 61)
Hex Converter:   FromElf.exe V5.06 update 1 (build 61)
CPU DLL:         SARMCM3.DLL V5.39.0.0
Dialog DLL:      DARMSTM.DLL V1.69.1.0
Target DLL:      STLink\ST-LINKIII-KEIL_SWO.dll V3.2.0.0
Dialog DLL:      TARMSTM.DLL V1.67.1.0
 
<h2>Project:</h2>
C:\Users\相约一年后\Desktop\温控系统\下位机\实验19 光敏传感器实验\USER\LSENS.uvprojx
Project File Date:  05/04/2024

<h2>Output:</h2>
*** Using Compiler 'V5.06 update 1 (build 61)', folder: 'E:\Keil_v5\ARM\ARMCC\Bin'
Build target 'LSENS'
compiling usmart_config.c...
..\USMART\usmart_config.c(76): error:  #20: identifier "Draw_Circle" is undefined
  	(void*)Draw_Circle,"void Draw_Circle(u16 x0,u16 y0,u8 r)",
..\USMART\usmart_config.c(76): error:  #44: expression must have pointer type
  	(void*)Draw_Circle,"void Draw_Circle(u16 x0,u16 y0,u8 r)",
..\USMART\usmart_config.c(92): error:  #28: expression must have a constant value
  	usmart_nametab,
..\USMART\usmart_config.c: 0 warnings, 3 errors
compiling main.c...
main.c(26): error:  #268: declaration may not appear after executable statement in block
  	u16 adcx;
main.c(27): error:  #268: declaration may not appear after executable statement in block
  	float temp;
main.c(28): error:  #268: declaration may not appear after executable statement in block
   	u8 t=0;	 
main.c(29): error:  #268: declaration may not appear after executable statement in block
  	u16 dacval=0;
main.c(30): error:  #268: declaration may not appear after executable statement in block
  	u8 key;
main.c(26): warning:  #177-D: variable "adcx" was declared but never referenced
  	u16 adcx;
main.c(27): warning:  #177-D: variable "temp" was declared but never referenced
  	float temp;
main.c(28): warning:  #177-D: variable "t" was declared but never referenced
   	u8 t=0;	 
main.c(29): warning:  #177-D: variable "dacval" was declared but never referenced
  	u16 dacval=0;
main.c(30): warning:  #177-D: variable "key" was declared but never referenced
  	u8 key;
main.c: 5 warnings, 5 errors
"..\OBJ\LSENS.axf" - 8 Error(s), 5 Warning(s).

<h2>Software Packages used:</h2>

Package Vendor: Keil
                http://www.keil.com/pack/Keil.STM32F1xx_DFP.1.0.5.pack
                Keil.STM32F1xx_DFP.1.0.5
                STMicroelectronics STM32F1 Series Device Support, Drivers and Examples

<h2>Collection of Component include folders:</h2>
  .\RTE\_LSENS
  E:\Keil_v5\ARM\PACK\Keil\STM32F1xx_DFP\1.0.5\Device\Include

<h2>Collection of Component Files used:</h2>
Target not created.
Build Time Elapsed:  00:00:01
</pre>
</body>
</html>
